{"/Users/mahathun/src/task-manager/frontend/src/vite-env.d.ts": {"path":"/Users/mahathun/src/task-manager/frontend/src/vite-env.d.ts","statementMap":{},"fnMap":{},"branchMap":{},"s":{},"f":{},"b":{}}
,"/Users/mahathun/src/task-manager/frontend/src/api/api.ts": {"path":"/Users/mahathun/src/task-manager/frontend/src/api/api.ts","statementMap":{"0":{"start":{"line":1,"column":0},"end":{"line":1,"column":26}},"1":{"start":{"line":3,"column":16},"end":{"line":3,"column":39}},"2":{"start":{"line":5,"column":12},"end":{"line":7,"column":2}},"3":{"start":{"line":9,"column":0},"end":{"line":9,"column":19}}},"fnMap":{},"branchMap":{},"s":{"0":0,"1":0,"2":0,"3":0},"f":{},"b":{}}
,"/Users/mahathun/src/task-manager/frontend/src/api/apiTasks.ts": {"path":"/Users/mahathun/src/task-manager/frontend/src/api/apiTasks.ts","statementMap":{"0":{"start":{"line":1,"column":0},"end":{"line":1,"column":44}},"1":{"start":{"line":2,"column":0},"end":{"line":2,"column":24}},"2":{"start":{"line":5,"column":29},"end":{"line":7,"column":2}},"3":{"start":{"line":5,"column":40},"end":{"line":7,"column":2}},"4":{"start":{"line":6,"column":2},"end":{"line":6,"column":52}},"5":{"start":{"line":6,"column":33},"end":{"line":6,"column":50}},"6":{"start":{"line":5,"column":13},"end":{"line":5,"column":29}},"7":{"start":{"line":10,"column":26},"end":{"line":12,"column":null}},"8":{"start":{"line":10,"column":41},"end":{"line":12,"column":null}},"9":{"start":{"line":11,"column":2},"end":{"line":11,"column":59}},"10":{"start":{"line":11,"column":33},"end":{"line":11,"column":57}},"11":{"start":{"line":10,"column":13},"end":{"line":10,"column":26}},"12":{"start":{"line":15,"column":29},"end":{"line":17,"column":null}},"13":{"start":{"line":15,"column":44},"end":{"line":17,"column":null}},"14":{"start":{"line":16,"column":2},"end":{"line":16,"column":69}},"15":{"start":{"line":16,"column":33},"end":{"line":16,"column":67}},"16":{"start":{"line":15,"column":13},"end":{"line":15,"column":29}},"17":{"start":{"line":20,"column":29},"end":{"line":22,"column":null}},"18":{"start":{"line":20,"column":42},"end":{"line":22,"column":null}},"19":{"start":{"line":21,"column":2},"end":{"line":21,"column":61}},"20":{"start":{"line":21,"column":33},"end":{"line":21,"column":59}},"21":{"start":{"line":20,"column":13},"end":{"line":20,"column":29}}},"fnMap":{"0":{"name":"(anonymous_7)","decl":{"start":{"line":5,"column":29},"end":{"line":5,"column":38}},"loc":{"start":{"line":5,"column":40},"end":{"line":7,"column":2}}},"1":{"name":"(anonymous_8)","decl":{"start":{"line":5,"column":40},"end":{"line":5,"column":null}},"loc":{"start":{"line":5,"column":40},"end":{"line":7,"column":1}}},"2":{"name":"(anonymous_9)","decl":{"start":{"line":6,"column":29},"end":{"line":6,"column":31}},"loc":{"start":{"line":6,"column":33},"end":{"line":6,"column":50}}},"3":{"name":"(anonymous_10)","decl":{"start":{"line":10,"column":26},"end":{"line":10,"column":33}},"loc":{"start":{"line":10,"column":41},"end":{"line":12,"column":null}}},"4":{"name":"(anonymous_11)","decl":{"start":{"line":10,"column":41},"end":{"line":10,"column":null}},"loc":{"start":{"line":10,"column":41},"end":{"line":12,"column":1}}},"5":{"name":"(anonymous_12)","decl":{"start":{"line":11,"column":29},"end":{"line":11,"column":31}},"loc":{"start":{"line":11,"column":33},"end":{"line":11,"column":57}}},"6":{"name":"(anonymous_13)","decl":{"start":{"line":15,"column":29},"end":{"line":15,"column":36}},"loc":{"start":{"line":15,"column":44},"end":{"line":17,"column":null}}},"7":{"name":"(anonymous_14)","decl":{"start":{"line":15,"column":44},"end":{"line":15,"column":null}},"loc":{"start":{"line":15,"column":44},"end":{"line":17,"column":1}}},"8":{"name":"(anonymous_15)","decl":{"start":{"line":16,"column":29},"end":{"line":16,"column":31}},"loc":{"start":{"line":16,"column":33},"end":{"line":16,"column":67}}},"9":{"name":"(anonymous_16)","decl":{"start":{"line":20,"column":29},"end":{"line":20,"column":36}},"loc":{"start":{"line":20,"column":42},"end":{"line":22,"column":null}}},"10":{"name":"(anonymous_17)","decl":{"start":{"line":20,"column":42},"end":{"line":20,"column":null}},"loc":{"start":{"line":20,"column":42},"end":{"line":22,"column":1}}},"11":{"name":"(anonymous_18)","decl":{"start":{"line":21,"column":29},"end":{"line":21,"column":31}},"loc":{"start":{"line":21,"column":33},"end":{"line":21,"column":59}}}},"branchMap":{},"s":{"0":0,"1":0,"2":0,"3":0,"4":0,"5":0,"6":0,"7":0,"8":0,"9":0,"10":0,"11":0,"12":0,"13":0,"14":0,"15":0,"16":0,"17":0,"18":0,"19":0,"20":0,"21":0},"f":{"0":0,"1":0,"2":0,"3":0,"4":0,"5":0,"6":0,"7":0,"8":0,"9":0,"10":0,"11":0},"b":{}}
,"/Users/mahathun/src/task-manager/frontend/src/api/index.ts": {"path":"/Users/mahathun/src/task-manager/frontend/src/api/index.ts","statementMap":{"0":{"start":{"line":1,"column":0},"end":{"line":1,"column":27}}},"fnMap":{},"branchMap":{},"s":{"0":0},"f":{},"b":{}}
,"/Users/mahathun/src/task-manager/frontend/src/hooks/use-toast.ts": {"path":"/Users/mahathun/src/task-manager/frontend/src/hooks/use-toast.ts","statementMap":{"0":{"start":{"line":194,"column":9},"end":{"line":194,"column":17}},"1":{"start":{"line":194,"column":19},"end":{"line":194,"column":24}},"2":{"start":{"line":4,"column":0},"end":{"line":4,"column":30}},"3":{"start":{"line":11,"column":20},"end":{"line":11,"column":21}},"4":{"start":{"line":12,"column":27},"end":{"line":12,"column":34}},"5":{"start":{"line":21,"column":20},"end":{"line":26,"column":null}},"6":{"start":{"line":28,"column":12},"end":{"line":28,"column":13}},"7":{"start":{"line":31,"column":2},"end":{"line":31,"column":null}},"8":{"start":{"line":32,"column":2},"end":{"line":32,"column":null}},"9":{"start":{"line":59,"column":22},"end":{"line":59,"column":70}},"10":{"start":{"line":61,"column":25},"end":{"line":75,"column":1}},"11":{"start":{"line":62,"column":2},"end":{"line":64,"column":3}},"12":{"start":{"line":63,"column":4},"end":{"line":63,"column":10}},"13":{"start":{"line":66,"column":18},"end":{"line":72,"column":24}},"14":{"start":{"line":67,"column":4},"end":{"line":67,"column":null}},"15":{"start":{"line":68,"column":4},"end":{"line":71,"column":null}},"16":{"start":{"line":74,"column":2},"end":{"line":74,"column":null}},"17":{"start":{"line":77,"column":23},"end":{"line":130,"column":1}},"18":{"start":{"line":78,"column":2},"end":{"line":129,"column":3}},"19":{"start":{"line":80,"column":6},"end":{"line":82,"column":null}},"20":{"start":{"line":86,"column":6},"end":{"line":90,"column":null}},"21":{"start":{"line":89,"column":10},"end":{"line":89,"column":66}},"22":{"start":{"line":94,"column":26},"end":{"line":94,"column":32}},"23":{"start":{"line":98,"column":6},"end":{"line":104,"column":7}},"24":{"start":{"line":99,"column":8},"end":{"line":99,"column":null}},"25":{"start":{"line":101,"column":8},"end":{"line":103,"column":null}},"26":{"start":{"line":102,"column":10},"end":{"line":102,"column":null}},"27":{"start":{"line":106,"column":6},"end":{"line":115,"column":null}},"28":{"start":{"line":109,"column":10},"end":{"line":114,"column":15}},"29":{"start":{"line":119,"column":6},"end":{"line":124,"column":7}},"30":{"start":{"line":120,"column":8},"end":{"line":122,"column":null}},"31":{"start":{"line":125,"column":6},"end":{"line":127,"column":null}},"32":{"start":{"line":127,"column":43},"end":{"line":127,"column":66}},"33":{"start":{"line":77,"column":13},"end":{"line":77,"column":23}},"34":{"start":{"line":132,"column":49},"end":{"line":132,"column":51}},"35":{"start":{"line":134,"column":25},"end":{"line":134,"column":39}},"36":{"start":{"line":137,"column":2},"end":{"line":137,"column":null}},"37":{"start":{"line":138,"column":2},"end":{"line":140,"column":null}},"38":{"start":{"line":139,"column":4},"end":{"line":139,"column":null}},"39":{"start":{"line":145,"column":25},"end":{"line":145,"column":34}},"40":{"start":{"line":146,"column":13},"end":{"line":146,"column":20}},"41":{"start":{"line":148,"column":17},"end":{"line":152,"column":6}},"42":{"start":{"line":149,"column":4},"end":{"line":152,"column":6}},"43":{"start":{"line":153,"column":18},"end":{"line":153,"column":72}},"44":{"start":{"line":153,"column":24},"end":{"line":153,"column":72}},"45":{"start":{"line":155,"column":2},"end":{"line":165,"column":null}},"46":{"start":{"line":162,"column":8},"end":{"line":162,"column":null}},"47":{"start":{"line":162,"column":19},"end":{"line":162,"column":null}},"48":{"start":{"line":167,"column":2},"end":{"line":171,"column":null}},"49":{"start":{"line":175,"column":28},"end":{"line":175,"column":62}},"50":{"start":{"line":177,"column":2},"end":{"line":185,"column":null}},"51":{"start":{"line":178,"column":4},"end":{"line":178,"column":null}},"52":{"start":{"line":179,"column":4},"end":{"line":184,"column":null}},"53":{"start":{"line":180,"column":20},"end":{"line":180,"column":47}},"54":{"start":{"line":181,"column":6},"end":{"line":183,"column":7}},"55":{"start":{"line":182,"column":8},"end":{"line":182,"column":null}},"56":{"start":{"line":187,"column":2},"end":{"line":190,"column":null}},"57":{"start":{"line":190,"column":35},"end":{"line":190,"column":79}}},"fnMap":{"0":{"name":"genId","decl":{"start":{"line":30,"column":9},"end":{"line":30,"column":14}},"loc":{"start":{"line":30,"column":14},"end":{"line":33,"column":1}}},"1":{"name":"(anonymous_2)","decl":{"start":{"line":61,"column":25},"end":{"line":61,"column":26}},"loc":{"start":{"line":61,"column":45},"end":{"line":75,"column":1}}},"2":{"name":"(anonymous_3)","decl":{"start":{"line":66,"column":29},"end":{"line":66,"column":32}},"loc":{"start":{"line":66,"column":34},"end":{"line":72,"column":3}}},"3":{"name":"(anonymous_4)","decl":{"start":{"line":77,"column":23},"end":{"line":77,"column":24}},"loc":{"start":{"line":77,"column":63},"end":{"line":130,"column":1}}},"4":{"name":"(anonymous_5)","decl":{"start":{"line":88,"column":33},"end":{"line":88,"column":34}},"loc":{"start":{"line":89,"column":10},"end":{"line":89,"column":66}}},"5":{"name":"(anonymous_6)","decl":{"start":{"line":101,"column":29},"end":{"line":101,"column":30}},"loc":{"start":{"line":101,"column":39},"end":{"line":103,"column":9}}},"6":{"name":"(anonymous_7)","decl":{"start":{"line":108,"column":33},"end":{"line":108,"column":34}},"loc":{"start":{"line":109,"column":10},"end":{"line":114,"column":15}}},"7":{"name":"(anonymous_8)","decl":{"start":{"line":127,"column":36},"end":{"line":127,"column":37}},"loc":{"start":{"line":127,"column":43},"end":{"line":127,"column":66}}},"8":{"name":"dispatch","decl":{"start":{"line":136,"column":9},"end":{"line":136,"column":17}},"loc":{"start":{"line":136,"column":32},"end":{"line":141,"column":1}}},"9":{"name":"(anonymous_10)","decl":{"start":{"line":138,"column":20},"end":{"line":138,"column":21}},"loc":{"start":{"line":138,"column":33},"end":{"line":140,"column":3}}},"10":{"name":"toast","decl":{"start":{"line":145,"column":9},"end":{"line":145,"column":14}},"loc":{"start":{"line":145,"column":34},"end":{"line":172,"column":1}}},"11":{"name":"(anonymous_12)","decl":{"start":{"line":148,"column":17},"end":{"line":148,"column":18}},"loc":{"start":{"line":149,"column":4},"end":{"line":152,"column":6}}},"12":{"name":"(anonymous_13)","decl":{"start":{"line":153,"column":18},"end":{"line":153,"column":21}},"loc":{"start":{"line":153,"column":24},"end":{"line":153,"column":72}}},"13":{"name":"(anonymous_14)","decl":{"start":{"line":161,"column":20},"end":{"line":161,"column":21}},"loc":{"start":{"line":161,"column":29},"end":{"line":163,"column":7}}},"14":{"name":"useToast","decl":{"start":{"line":174,"column":9},"end":{"line":174,"column":17}},"loc":{"start":{"line":174,"column":17},"end":{"line":192,"column":1}}},"15":{"name":"(anonymous_16)","decl":{"start":{"line":177,"column":18},"end":{"line":177,"column":21}},"loc":{"start":{"line":177,"column":23},"end":{"line":185,"column":3}}},"16":{"name":"(anonymous_17)","decl":{"start":{"line":179,"column":11},"end":{"line":179,"column":14}},"loc":{"start":{"line":179,"column":16},"end":{"line":184,"column":5}}},"17":{"name":"(anonymous_18)","decl":{"start":{"line":190,"column":13},"end":{"line":190,"column":14}},"loc":{"start":{"line":190,"column":35},"end":{"line":190,"column":79}}}},"branchMap":{"0":{"loc":{"start":{"line":62,"column":2},"end":{"line":64,"column":3}},"type":"if","locations":[{"start":{"line":62,"column":2},"end":{"line":64,"column":3}}]},"1":{"loc":{"start":{"line":78,"column":2},"end":{"line":129,"column":3}},"type":"switch","locations":[{"start":{"line":79,"column":4},"end":{"line":82,"column":null}},{"start":{"line":85,"column":4},"end":{"line":90,"column":null}},{"start":{"line":93,"column":4},"end":{"line":117,"column":5}},{"start":{"line":118,"column":4},"end":{"line":127,"column":null}}]},"2":{"loc":{"start":{"line":89,"column":10},"end":{"line":89,"column":66}},"type":"cond-expr","locations":[{"start":{"line":89,"column":36},"end":{"line":89,"column":63}},{"start":{"line":89,"column":65},"end":{"line":89,"column":66}}]},"3":{"loc":{"start":{"line":98,"column":6},"end":{"line":104,"column":7}},"type":"if","locations":[{"start":{"line":98,"column":6},"end":{"line":104,"column":7}},{"start":{"line":100,"column":13},"end":{"line":104,"column":7}}]},"4":{"loc":{"start":{"line":109,"column":10},"end":{"line":114,"column":15}},"type":"cond-expr","locations":[{"start":{"line":110,"column":13},"end":{"line":112,"column":null}},{"start":{"line":114,"column":14},"end":{"line":114,"column":15}}]},"5":{"loc":{"start":{"line":109,"column":10},"end":{"line":109,"column":51}},"type":"binary-expr","locations":[{"start":{"line":109,"column":10},"end":{"line":109,"column":26}},{"start":{"line":109,"column":30},"end":{"line":109,"column":51}}]},"6":{"loc":{"start":{"line":119,"column":6},"end":{"line":124,"column":7}},"type":"if","locations":[{"start":{"line":119,"column":6},"end":{"line":124,"column":7}}]},"7":{"loc":{"start":{"line":162,"column":8},"end":{"line":162,"column":null}},"type":"if","locations":[{"start":{"line":162,"column":8},"end":{"line":162,"column":null}}]},"8":{"loc":{"start":{"line":181,"column":6},"end":{"line":183,"column":7}},"type":"if","locations":[{"start":{"line":181,"column":6},"end":{"line":183,"column":7}}]}},"s":{"0":0,"1":0,"2":0,"3":0,"4":0,"5":0,"6":0,"7":0,"8":0,"9":0,"10":0,"11":0,"12":0,"13":0,"14":0,"15":0,"16":0,"17":0,"18":0,"19":0,"20":0,"21":0,"22":0,"23":0,"24":0,"25":0,"26":0,"27":0,"28":0,"29":0,"30":0,"31":0,"32":0,"33":0,"34":0,"35":0,"36":0,"37":0,"38":0,"39":0,"40":0,"41":0,"42":0,"43":0,"44":0,"45":0,"46":0,"47":0,"48":0,"49":0,"50":0,"51":0,"52":0,"53":0,"54":0,"55":0,"56":0,"57":0},"f":{"0":0,"1":0,"2":0,"3":0,"4":0,"5":0,"6":0,"7":0,"8":0,"9":0,"10":0,"11":0,"12":0,"13":0,"14":0,"15":0,"16":0,"17":0},"b":{"0":[0],"1":[0,0,0,0],"2":[0,0],"3":[0,0],"4":[0,0],"5":[0,0],"6":[0],"7":[0],"8":[0]}}
,"/Users/mahathun/src/task-manager/frontend/src/lib/utils.ts": {"path":"/Users/mahathun/src/task-manager/frontend/src/lib/utils.ts","statementMap":{"0":{"start":{"line":6,"column":0},"end":{"line":6,"column":16}},"1":{"start":{"line":1,"column":0},"end":{"line":1,"column":44}},"2":{"start":{"line":2,"column":0},"end":{"line":2,"column":40}},"3":{"start":{"line":7,"column":2},"end":{"line":7,"column":null}},"4":{"start":{"line":11,"column":29},"end":{"line":20,"column":2}},"5":{"start":{"line":11,"column":76},"end":{"line":20,"column":2}},"6":{"start":{"line":12,"column":2},"end":{"line":19,"column":3}},"7":{"start":{"line":13,"column":21},"end":{"line":13,"column":36}},"8":{"start":{"line":14,"column":4},"end":{"line":14,"column":48}},"9":{"start":{"line":16,"column":23},"end":{"line":16,"column":42}},"10":{"start":{"line":17,"column":25},"end":{"line":17,"column":118}},"11":{"start":{"line":18,"column":4},"end":{"line":18,"column":55}},"12":{"start":{"line":11,"column":13},"end":{"line":11,"column":29}}},"fnMap":{"0":{"name":"cn","decl":{"start":{"line":6,"column":16},"end":{"line":6,"column":18}},"loc":{"start":{"line":6,"column":42},"end":{"line":8,"column":1}}},"1":{"name":"(anonymous_8)","decl":{"start":{"line":11,"column":29},"end":{"line":11,"column":36}},"loc":{"start":{"line":11,"column":76},"end":{"line":20,"column":2}}},"2":{"name":"(anonymous_9)","decl":{"start":{"line":11,"column":76},"end":{"line":11,"column":null}},"loc":{"start":{"line":11,"column":76},"end":{"line":20,"column":1}}}},"branchMap":{"0":{"loc":{"start":{"line":17,"column":25},"end":{"line":17,"column":118}},"type":"binary-expr","locations":[{"start":{"line":17,"column":25},"end":{"line":17,"column":84}},{"start":{"line":17,"column":88},"end":{"line":17,"column":118}}]},"1":{"loc":{"start":{"line":17,"column":25},"end":{"line":17,"column":84}},"type":"cond-expr","locations":[{"start":{"line":17,"column":75},"end":{"line":17,"column":77}},{"start":{"line":17,"column":75},"end":{"line":17,"column":84}}]},"2":{"loc":{"start":{"line":17,"column":25},"end":{"line":17,"column":77}},"type":"binary-expr","locations":[{"start":{"line":17,"column":25},"end":{"line":17,"column":77}},{"start":{"line":17,"column":75},"end":{"line":17,"column":77}}]},"3":{"loc":{"start":{"line":17,"column":26},"end":{"line":17,"column":75}},"type":"cond-expr","locations":[{"start":{"line":17,"column":45},"end":{"line":17,"column":47}},{"start":{"line":17,"column":45},"end":{"line":17,"column":75}}]},"4":{"loc":{"start":{"line":17,"column":26},"end":{"line":17,"column":47}},"type":"binary-expr","locations":[{"start":{"line":17,"column":26},"end":{"line":17,"column":47}},{"start":{"line":17,"column":45},"end":{"line":17,"column":47}}]}},"s":{"0":1,"1":1,"2":1,"3":0,"4":1,"5":3,"6":3,"7":3,"8":1,"9":2,"10":2,"11":2,"12":1},"f":{"0":0,"1":3,"2":3},"b":{"0":[2,1],"1":[1,1],"2":[2,2],"3":[1,1],"4":[2,2]}}
,"/Users/mahathun/src/task-manager/frontend/src/types/task.ts": {"path":"/Users/mahathun/src/task-manager/frontend/src/types/task.ts","statementMap":{"0":{"start":{"line":2,"column":0},"end":{"line":2,"column":null}},"1":{"start":{"line":3,"column":4},"end":{"line":3,"column":null}},"2":{"start":{"line":4,"column":4},"end":{"line":4,"column":null}}},"fnMap":{"0":{"name":"(anonymous_0)","decl":{"start":{"line":2,"column":0},"end":{"line":2,"column":12}},"loc":{"start":{"line":2,"column":22},"end":{"line":5,"column":1}}}},"branchMap":{"0":{"loc":{"start":{"line":2,"column":12},"end":{"line":2,"column":null}},"type":"binary-expr","locations":[{"start":{"line":2,"column":12},"end":{"line":2,"column":22}},{"start":{"line":2,"column":22},"end":{"line":2,"column":null}}]}},"s":{"0":0,"1":0,"2":0},"f":{"0":0},"b":{"0":[0,0]}}
}
